         Created directory chip/handin

         Created: behavioural.tar
         Created: system.tar
         Created: system2.tar
         Created: software.tar
         Created: macro_models.tar
         Created first cut handin file (MK I): handin_initial.tar
         Found SystemVerilog file: ../behavioural/comp_core.sv
         Found SystemVerilog file: ../system/system.sv
         Created updated handin file (MK II): handin_initial.tar
simcommand=./simulate -no_graphics -tech c35b4 -gate behavioural 20s +define+no_button_presses
***
***
***
Setting simulation time
xmverilog +sv -y behavioural -y ./system2 -y system -f /opt/cad/designkits/ecs/verilog/c35b4/gate_models.inc +libext+.sv +libext+.v +incdir+behavioural system/system.sv +define+sim_time=20s +xmtimescale+1ns/10ps +define+external_pullup +define+functional +define+no_button_presses -l simulateLogFile
TOOL:	xmverilog	21.03-s009: Started on Mar 07, 2023 at 18:05:11 GMT
TOOL:	xmverilog	21.03-s009: Started on Mar 07, 2023 at 18:05:12 GMT
xmverilog(64): 21.03-s009: (c) Copyright 1995-2021 Cadence Design Systems, Inc.
file: system/system.sv
`define sim_time 60s
                    |
xmvlog: *W,MACNDF (behavioural/options.sv,18|20): The text macro 'sim_time' has also been defined on the command line using the -DEFINE command line option.  The compiler will ignore the definition found in the Verilog source code.
(`include file: behavioural/options.sv line 18, file: system/system.sv line 9)
`define external_pullup
                       |
xmvlog: *W,MACNDF (behavioural/options.sv,41|23): The text macro 'external_pullup' has also been defined on the command line using the -DEFINE command line option.  The compiler will ignore the definition found in the Verilog source code.
(`include file: behavioural/options.sv line 41, file: system/system.sv line 9)
	module worklib.system:sv
		errors: 0, warnings: 0
file: system/computer.sv
`define sim_time 60s
                    |
xmvlog: *W,MACNDF (behavioural/options.sv,18|20): The text macro 'sim_time' has also been defined on the command line using the -DEFINE command line option.  The compiler will ignore the definition found in the Verilog source code.
(`include file: behavioural/options.sv line 18, file: system/computer.sv line 10)
`define external_pullup
                       |
xmvlog: *W,MACNDF (behavioural/options.sv,41|23): The text macro 'external_pullup' has also been defined on the command line using the -DEFINE command line option.  The compiler will ignore the definition found in the Verilog source code.
(`include file: behavioural/options.sv line 41, file: system/computer.sv line 10)
	module system.computer:sv
		errors: 0, warnings: 0
file: system/computer.sv
`define sim_time 60s
                    |
xmvlog: *W,MACNDF (behavioural/options.sv,18|20): The text macro 'sim_time' has also been defined on the command line using the -DEFINE command line option.  The compiler will ignore the definition found in the Verilog source code.
(`include file: behavioural/options.sv line 18, file: system/computer.sv line 10)
`define external_pullup
                       |
xmvlog: *W,MACNDF (behavioural/options.sv,41|23): The text macro 'external_pullup' has also been defined on the command line using the -DEFINE command line option.  The compiler will ignore the definition found in the Verilog source code.
(`include file: behavioural/options.sv line 41, file: system/computer.sv line 10)
file: system/led_display.sv
`define sim_time 60s
                    |
xmvlog: *W,MACNDF (behavioural/options.sv,18|20): The text macro 'sim_time' has also been defined on the command line using the -DEFINE command line option.  The compiler will ignore the definition found in the Verilog source code.
(`include file: behavioural/options.sv line 18, file: system/led_display.sv line 35)
`define external_pullup
                       |
xmvlog: *W,MACNDF (behavioural/options.sv,41|23): The text macro 'external_pullup' has also been defined on the command line using the -DEFINE command line option.  The compiler will ignore the definition found in the Verilog source code.
(`include file: behavioural/options.sv line 41, file: system/led_display.sv line 35)
	module system.led_display:sv
		errors: 0, warnings: 0
file: /opt/cad/designkits/ams/v410/verilog/c35b4/c35_CORELIB_3B.v
file: /opt/cad/designkits/ams/v410/verilog/c35b4/c35_CORELIBD_3B.v
file: /opt/cad/designkits/ams/v410/verilog/c35b4/c35_CORELIBD.v
file: /opt/cad/designkits/ams/v410/verilog/c35b4/c35_CORELIB.v
file: /opt/cad/designkits/ams/v410/verilog/c35b4/c35_CORELIB_V5_3B.v
file: /opt/cad/designkits/ams/v410/verilog/c35b4/c35_CORELIB_V5.v
file: /opt/cad/designkits/ams/v410/verilog/c35b4/c35_IOLIB_3B.v
file: /opt/cad/designkits/ams/v410/verilog/c35b4/c35_IOLIBC_3B.v
file: /opt/cad/designkits/ams/v410/verilog/c35b4/c35_IOLIBCV5_3B.v
file: /opt/cad/designkits/ams/v410/verilog/c35b4/c35_IOLIB.v
file: /opt/cad/designkits/ams/v410/verilog/c35b4/c35_IOLIBV5.v
file: /opt/cad/designkits/ams/v410/verilog/c35b4/FILLANT.v
file: /opt/cad/designkits/ams/v410/verilog/udp.v
file: behavioural/comp_core.sv
	module behavioural.comp_core:sv
		errors: 0, warnings: 0
file: behavioural/CORTEXM0DS.sv
	module behavioural.CORTEXM0DS:sv
		errors: 0, warnings: 0
file: behavioural/ahb_interconnect.sv
	module behavioural.ahb_interconnect:sv
		errors: 0, warnings: 0
file: behavioural/ahb_rom.sv
	module behavioural.ahb_rom:sv
		errors: 0, warnings: 0
file: behavioural/ahb_ram.sv
	module behavioural.ahb_ram:sv
		errors: 0, warnings: 0
file: behavioural/timer.sv
	module behavioural.timer:sv
		errors: 0, warnings: 0
file: behavioural/sensor_manager.sv
	module behavioural.sensor_manager:sv
		errors: 0, warnings: 0
file: behavioural/oled_manager.sv
	module behavioural.oled_manager:sv
		errors: 0, warnings: 0
file: behavioural/button_manager.sv
	module behavioural.button_manager:sv
		errors: 0, warnings: 0
file: behavioural/seven_segment.sv
	module behavioural.seven_segment:sv
		errors: 0, warnings: 0
file: behavioural/cortexm0ds_logic.sv
	module behavioural.cortexm0ds_logic:sv
		errors: 0, warnings: 0
xmvlog: *W,LIBNOU: Library "./system2" given but not used.
xmvlog: *W,LIBNOU: Library "/opt/cad/designkits/ams/v410/verilog/c35b4/c35_CORELIB_3B.v" given but not used.
xmvlog: *W,LIBNOU: Library "/opt/cad/designkits/ams/v410/verilog/c35b4/c35_CORELIBD_3B.v" given but not used.
xmvlog: *W,LIBNOU: Library "/opt/cad/designkits/ams/v410/verilog/c35b4/c35_CORELIBD.v" given but not used.
xmvlog: *W,LIBNOU: Library "/opt/cad/designkits/ams/v410/verilog/c35b4/c35_CORELIB.v" given but not used.
xmvlog: *W,LIBNOU: Library "/opt/cad/designkits/ams/v410/verilog/c35b4/c35_CORELIB_V5_3B.v" given but not used.
xmvlog: *W,LIBNOU: Library "/opt/cad/designkits/ams/v410/verilog/c35b4/c35_CORELIB_V5.v" given but not used.
xmvlog: *W,LIBNOU: Library "/opt/cad/designkits/ams/v410/verilog/c35b4/c35_IOLIB_3B.v" given but not used.
xmvlog: *W,LIBNOU: Library "/opt/cad/designkits/ams/v410/verilog/c35b4/c35_IOLIBC_3B.v" given but not used.
xmvlog: *W,LIBNOU: Library "/opt/cad/designkits/ams/v410/verilog/c35b4/c35_IOLIBCV5_3B.v" given but not used.
xmvlog: *W,LIBNOU: Library "/opt/cad/designkits/ams/v410/verilog/c35b4/c35_IOLIB.v" given but not used.
xmvlog: *W,LIBNOU: Library "/opt/cad/designkits/ams/v410/verilog/c35b4/c35_IOLIBV5.v" given but not used.
xmvlog: *W,LIBNOU: Library "/opt/cad/designkits/ams/v410/verilog/c35b4/FILLANT.v" given but not used.
xmvlog: *W,LIBNOU: Library "/opt/cad/designkits/ams/v410/verilog/udp.v" given but not used.
	Total errors/warnings found outside modules and primitives:
		errors: 0, warnings: 22
		Caching library 'behavioural' ....... Done
		Caching library 'system' ....... Done
		Caching library 'worklib' ....... Done
	Elaborating the design hierarchy:
comp_core COMP_core ( 
                  |
xmelab: *W,CUVWSP (./system/computer.sv,133|18): 4 output ports were not connected:
xmelab: (./behavioural/comp_core.sv,14): nCS
xmelab: (./behavioural/comp_core.sv,14): DnC
xmelab: (./behavioural/comp_core.sv,14): SDIN
xmelab: (./behavioural/comp_core.sv,14): SCLK

xmelab: *W,DSEMEL: This SystemVerilog design will be simulated as per IEEE 1800-2009 SystemVerilog simulation semantics. Use -disable_sem2009 option for turning off SV 2009 simulation semantics.
	Building instance overlay tables: .................... Done
	Generating native compiled code:
		behavioural.button_manager:sv <0x66f3ba78>
			streams:  34, words: 19068
		behavioural.oled_manager:sv <0x3fc9f716>
			streams:  13, words: 10806
		behavioural.sensor_manager:sv <0x39b9caea>
			streams:   8, words:  3426
		behavioural.timer:sv <0x5615e5d4>
			streams:   9, words:  4249
		behavioural.ahb_ram:sv <0x7352b465>
			streams:  15, words:  9364
		behavioural.ahb_rom:sv <0x17073b11>
			streams:   7, words: 558083
		behavioural.ahb_interconnect:sv <0x32a77587>
			streams:   4, words:  4719
		behavioural.cortexm0ds_logic:sv <0x79aba438>
			streams: 2365, words: 993112
		behavioural.CORTEXM0DS:sv <0x21443abb>
			streams:   0, words:     0
		behavioural.comp_core:sv <0x1a6cf2d0>
			streams:   2, words:   935
		behavioural.seven_segment:sv <0x76fa21eb>
			streams:  27, words: 21097
		worklib.system:sv <0x4c7d8125>
			streams:  59, words: 151870
		system.led_display:sv <0x7d398184>
			streams:   1, words:   260
		system.computer:sv <0x3af971b0>
			streams:   3, words:  1897
	Building instance specific data structures.
	Loading native compiled code:     .................... Done
	Design hierarchy summary:
		                   Instances  Unique
		Modules:                  14      14
		Primitives:                5       1
		Registers:              1008    1008
		Scalar wires:          11170       -
		Expanded wires:          131       6
		Vectored wires:         1304       -
		Named events:              5       5
		Always blocks:           887     887
		Initial blocks:           28      28
		Cont. assignments:       965   12416
		Pseudo assignments:        2       2
		Timing checks:             8       8
		Assertions:                1       1
		Simulation timescale:   10ps
	Writing initial simulation snapshot: worklib.system:sv
Loading snapshot worklib.system:sv .................... Done
xmsim: *W,DSEM2009: This SystemVerilog design is simulated as per IEEE 1800-2009 SystemVerilog simulation semantics. Use -disable_sem2009 option for turning off SV 2009 simulation semantics.
xcelium> source /eda/cadence/xcelium/tools/xcelium/files/xmsimrc
xcelium> run
COMPILATION OK
CLOCK PERIOD IS 30517.6ns
DISPLAY IS LED ONLY
This Bicycle Computer supports 4 modes:
  Mode 0: Distance
  Mode 1: Duration
  Mode 2: Cadence
  Mode 3: Speed
 (the computer will enter mode 0 on reset)

 Start Up.

------------------------------------------------------------------------------
 Seven Segment Manager Operation Detected.
 Write Segment Fraction Control Detected. (     0.01s)
 Write data:          0. (     0.01s)
------------------------------------------------------------------------------
 Seven Segment Manager Operation Detected.
 Write Segment Integer Control Detected. (     0.01s)
 Write data:          0. (     0.01s)
------------------------------------------------------------------------------

 Simulation Start.

------------------------------------------------------------------------------

 Change to fast speed.


 Odometer verification start.

------------------------------------------------------------------------------
 Timer Operation Detected.
 Read Short Control Detected. (     3.02s)
 Read data:       3000. (     3.02s)
------------------------------------------------------------------------------
 Sensor Manager Operation Detected.
 Read Crank Control Detected. (     3.02s)
 Read data:          5. (     3.02s)
------------------------------------------------------------------------------
 Sensor Manager Operation Detected.
 Read Fork Control Detected.  (     3.02s)
 Read data:          8. (     3.02s)
------------------------------------------------------------------------------
 Timer Operation Detected.
 Read Long Control Detected.  (     3.10s)
 Read data:          3. (     3.10s)
------------------------------------------------------------------------------
 Seven Segment Manager Operation Detected.
 Write Segment Fraction Control Detected. (     3.17s)
 Write data:          1. (     3.17s)
------------------------------------------------------------------------------
 Seven Segment Manager Operation Detected.
 Write Segment Integer Control Detected. (     3.17s)
 Write data:          0. (     3.17s)
------------------------------------------------------------------------------

 Real Odometer is          18m. Segment display is          10m. (     3.17s)


 Odometer verification end.

------------------------------------------------------------------------------
Refresh Seven Segment LED: 
   ------------######------######------------------
   -----#------#----#------#----#-----------#------
   -----#------#----#------#----#-----------#------
   -----#------#----#------#----#-----------#------
   ######------------------------------------------
   #----#------#----#------#----#-----------#------
   #----#------#----#------#----#-----------#------
   #----#------#----#------#----#-----------#------
   ######------######------######------------------
   -------------------#----------------------------

 Odometer verification start.

------------------------------------------------------------------------------
 Timer Operation Detected.
 Read Short Control Detected. (     6.04s)
 Read data:       3001. (     6.04s)
------------------------------------------------------------------------------
 Sensor Manager Operation Detected.
 Read Crank Control Detected. (     6.05s)
 Read data:          7. (     6.05s)
------------------------------------------------------------------------------
 Sensor Manager Operation Detected.
 Read Fork Control Detected.  (     6.05s)
 Read data:         18. (     6.05s)
------------------------------------------------------------------------------
 Timer Operation Detected.
 Read Long Control Detected.  (     6.13s)
 Read data:          6. (     6.13s)
------------------------------------------------------------------------------
 Seven Segment Manager Operation Detected.
 Write Segment Fraction Control Detected. (     6.19s)
 Write data:          3. (     6.19s)
------------------------------------------------------------------------------
 Seven Segment Manager Operation Detected.
 Write Segment Integer Control Detected. (     6.19s)
 Write data:          0. (     6.19s)
------------------------------------------------------------------------------

 Real Odometer is          42m. Segment display is          30m. (     6.19s)


 Odometer verification end.

------------------------------------------------------------------------------
Refresh Seven Segment LED: 
   ------------######------######------######------
   -----#------#----#------#----#-----------#------
   -----#------#----#------#----#-----------#------
   -----#------#----#------#----#-----------#------
   ######------------------------------######------
   #----#------#----#------#----#-----------#------
   #----#------#----#------#----#-----------#------
   #----#------#----#------#----#-----------#------
   ######------######------######------######------
   -------------------#----------------------------

 Odometer verification start.

------------------------------------------------------------------------------
 Timer Operation Detected.
 Read Short Control Detected. (     9.07s)
 Read data:       3000. (     9.07s)
------------------------------------------------------------------------------
 Sensor Manager Operation Detected.
 Read Crank Control Detected. (     9.07s)
 Read data:          8. (     9.07s)
------------------------------------------------------------------------------
 Sensor Manager Operation Detected.
 Read Fork Control Detected.  (     9.07s)
 Read data:         29. (     9.07s)
------------------------------------------------------------------------------
 Timer Operation Detected.
 Read Long Control Detected.  (     9.15s)
 Read data:          9. (     9.15s)
------------------------------------------------------------------------------
 Seven Segment Manager Operation Detected.
 Write Segment Fraction Control Detected. (     9.21s)
 Write data:          6. (     9.21s)
------------------------------------------------------------------------------
 Seven Segment Manager Operation Detected.
 Write Segment Integer Control Detected. (     9.21s)
 Write data:          0. (     9.21s)
------------------------------------------------------------------------------

 Real Odometer is          64m. Segment display is          60m. (     9.21s)


 Odometer verification end.

------------------------------------------------------------------------------
Refresh Seven Segment LED: 
   ------------######------######------######------
   -----#------#----#------#----#------#-----------
   -----#------#----#------#----#------#-----------
   -----#------#----#------#----#------#-----------
   ######------------------------------######------
   #----#------#----#------#----#------#----#------
   #----#------#----#------#----#------#----#------
   #----#------#----#------#----#------#----#------
   ######------######------######------######------
   -------------------#----------------------------

 Odometer verification start.

------------------------------------------------------------------------------
 Timer Operation Detected.
 Read Short Control Detected. (    12.09s)
 Read data:       3001. (    12.09s)
------------------------------------------------------------------------------
 Sensor Manager Operation Detected.
 Read Crank Control Detected. (    12.09s)
 Read data:          7. (    12.09s)
------------------------------------------------------------------------------
 Sensor Manager Operation Detected.
 Read Fork Control Detected.  (    12.09s)
 Read data:         39. (    12.09s)
------------------------------------------------------------------------------
 Timer Operation Detected.
 Read Long Control Detected.  (    12.17s)
 Read data:         12. (    12.17s)
------------------------------------------------------------------------------
 Seven Segment Manager Operation Detected.
 Write Segment Fraction Control Detected. (    12.23s)
 Write data:          8. (    12.23s)
------------------------------------------------------------------------------
 Seven Segment Manager Operation Detected.
 Write Segment Integer Control Detected. (    12.24s)
 Write data:          0. (    12.24s)
------------------------------------------------------------------------------

 Real Odometer is          88m. Segment display is          80m. (    12.24s)


 Odometer verification end.

------------------------------------------------------------------------------
Refresh Seven Segment LED: 
   ------------######------######------######------
   -----#------#----#------#----#------#----#------
   -----#------#----#------#----#------#----#------
   -----#------#----#------#----#------#----#------
   ######------------------------------######------
   #----#------#----#------#----#------#----#------
   #----#------#----#------#----#------#----#------
   #----#------#----#------#----#------#----#------
   ######------######------######------######------
   -------------------#----------------------------

 Odometer verification start.

------------------------------------------------------------------------------
 Timer Operation Detected.
 Read Short Control Detected. (    15.11s)
 Read data:       3001. (    15.11s)
------------------------------------------------------------------------------
 Sensor Manager Operation Detected.
 Read Crank Control Detected. (    15.11s)
 Read data:          8. (    15.11s)
------------------------------------------------------------------------------
 Sensor Manager Operation Detected.
 Read Fork Control Detected.  (    15.11s)
 Read data:         49. (    15.11s)
------------------------------------------------------------------------------
 Timer Operation Detected.
 Read Long Control Detected.  (    15.19s)
 Read data:         15. (    15.19s)
------------------------------------------------------------------------------
 Seven Segment Manager Operation Detected.
 Write Segment Fraction Control Detected. (    15.26s)
 Write data:         10. (    15.26s)
------------------------------------------------------------------------------
 Seven Segment Manager Operation Detected.
 Write Segment Integer Control Detected. (    15.26s)
 Write data:          0. (    15.26s)
------------------------------------------------------------------------------

 Real Odometer is         110m. Segment display is         100m. (    15.26s)


 Odometer verification end.

------------------------------------------------------------------------------
Refresh Seven Segment LED: 
   ------------######------------------######------
   -----#------#----#-----------#------#----#------
   -----#------#----#-----------#------#----#------
   -----#------#----#-----------#------#----#------
   ######------------------------------------------
   #----#------#----#-----------#------#----#------
   #----#------#----#-----------#------#----#------
   #----#------#----#-----------#------#----#------
   ######------######------------------######------
   -------------------#----------------------------

 Odometer verification start.

------------------------------------------------------------------------------
 Timer Operation Detected.
 Read Short Control Detected. (    18.13s)
 Read data:       3001. (    18.13s)
------------------------------------------------------------------------------
 Sensor Manager Operation Detected.
 Read Crank Control Detected. (    18.13s)
 Read data:          8. (    18.13s)
------------------------------------------------------------------------------
 Sensor Manager Operation Detected.
 Read Fork Control Detected.  (    18.13s)
 Read data:         60. (    18.13s)
------------------------------------------------------------------------------
 Timer Operation Detected.
 Read Long Control Detected.  (    18.21s)
 Read data:         18. (    18.21s)
------------------------------------------------------------------------------
 Seven Segment Manager Operation Detected.
 Write Segment Fraction Control Detected. (    18.28s)
 Write data:         13. (    18.28s)
------------------------------------------------------------------------------
 Seven Segment Manager Operation Detected.
 Write Segment Integer Control Detected. (    18.28s)
 Write data:          0. (    18.28s)
------------------------------------------------------------------------------

 Real Odometer is         132m. Segment display is         130m. (    18.28s)


 Odometer verification end.

------------------------------------------------------------------------------
Refresh Seven Segment LED: 
   ------------######------------------######------
   -----#------#----#-----------#-----------#------
   -----#------#----#-----------#-----------#------
   -----#------#----#-----------#-----------#------
   ######------------------------------######------
   #----#------#----#-----------#-----------#------
   #----#------#----#-----------#-----------#------
   #----#------#----#-----------#-----------#------
   ######------######------------------######------
   -------------------#----------------------------

 Odometer verification start.

------------------------------------------------------------------------------
Simulation stopped via $stop(1) at time 20 S + 0
./system/system.sv:367       $stop;
xcelium> TOOL:	xmverilog	21.03-s009: Exiting on Mar 07, 2023 at 18:05:53 GMT  (total: 00:00:41)
***
***
***
         Done
         simulation checks completed ok


       Writing handin_initial.tar (MK III)
       Done
