/opt/synopsys/synthesis/auxx/gui/dv/dv_setup.tcl
/opt/synopsys/synthesis/auxx/gui/syn/snpsSynProcs.tcl
/opt/synopsys/synthesis/auxx/tcllib/lib/tcl8.5/tm.tcl
/opt/synopsys/synthesis/auxx/tcllib/lib/tcl8.5/package.tcl
/opt/synopsys/synthesis/auxx/gui/syn/layout/pkgIndex.tcl
/opt/synopsys/synthesis/auxx/gui/common/tq/pkgIndex.tcl
/opt/synopsys/synthesis/auxx/gui/common/docBrowser/pkgIndex.tcl
/opt/synopsys/synthesis/auxx/gui/common/profiler/pkgIndex.tcl
/opt/synopsys/synthesis/auxx/gui/common/tiledview/pkgIndex.tcl
/opt/synopsys/synthesis/auxx/gui/common/misc/pkgIndex.tcl
/opt/synopsys/synthesis/auxx/gui/common/highlight/pkgIndex.tcl
/opt/synopsys/synthesis/auxx/gui/common/pathinspector/pkgIndex.tcl
/opt/synopsys/synthesis/auxx/gui/common/view/pkgIndex.tcl
/opt/synopsys/synthesis/auxx/gui/common/libviewer/pkgIndex.tcl
/opt/synopsys/synthesis/auxx/gui/common/menus/pkgIndex.tcl
/opt/synopsys/synthesis/auxx/gui/common/tcl-dp/pkgIndex.tcl
/opt/synopsys/synthesis/auxx/gui/common/setup/pkgIndex.tcl
/opt/synopsys/synthesis/auxx/gui/common/dialogs/pkgIndex.tcl
/opt/synopsys/synthesis/auxx/gui/common/schematic/pkgIndex.tcl
/opt/synopsys/synthesis/auxx/gui/common/fanoutviewer/pkgIndex.tcl
/opt/synopsys/synthesis/auxx/gui/common/layout/pkgIndex.tcl
/opt/synopsys/synthesis/auxx/gui/common/palettegroup/pkgIndex.tcl
/opt/synopsys/synthesis/auxx/gui/common/qtcl/pkgIndex.tcl
/opt/synopsys/synthesis/auxx/gui/common/table/pkgIndex.tcl
/opt/synopsys/synthesis/auxx/gui/common/select/pkgIndex.tcl
/opt/synopsys/synthesis/auxx/gui/common/regressionToolkit/pkgIndex.tcl
/opt/synopsys/synthesis/auxx/gui/common/hierarchy/pkgIndex.tcl
/opt/synopsys/synthesis/auxx/gui/common/WindowFrameWork/pkgIndex.tcl
/opt/synopsys/synthesis/auxx/gui/common/opdlg/pkgIndex.tcl
/opt/synopsys/synthesis/auxx/gui/common/commandform/pkgIndex.tcl
/opt/synopsys/synthesis/auxx/gui/common/histogram/pkgIndex.tcl
/opt/synopsys/synthesis/auxx/gui/common/timing/pkgIndex.tcl
/opt/synopsys/synthesis/auxx/gui/common/acg/pkgIndex.tcl
/opt/synopsys/synthesis/auxx/gui/common/mrupalette/pkgIndex.tcl
/opt/synopsys/synthesis/auxx/gui/common/strokes/pkgIndex.tcl
/opt/synopsys/synthesis/auxx/gui/dv/pkgIndex.tcl
/opt/synopsys/synthesis/auxx/tcllib/snps_tcl/snpsTclPro/pkgIndex.tcl
/opt/synopsys/synthesis/auxx/tcllib/snps_tcl/snpsTest/pkgIndex.tcl
/opt/synopsys/synthesis/auxx/tcllib/snps_tcl/snpsUtils/pkgIndex.tcl
/opt/synopsys/synthesis/auxx/tcllib/snps_tcl/pkgIndex.tcl
/opt/synopsys/synthesis/auxx/tcllib/lib/tcl8.5/dde/pkgIndex.tcl
/opt/synopsys/synthesis/auxx/tcllib/lib/tcl8.5/http1.0/pkgIndex.tcl
/opt/synopsys/synthesis/auxx/tcllib/lib/tcl8.5/msgcat/pkgIndex.tcl
/opt/synopsys/synthesis/auxx/tcllib/lib/tcl8.5/http/pkgIndex.tcl
/opt/synopsys/synthesis/auxx/tcllib/lib/tcl8.5/opt/pkgIndex.tcl
/opt/synopsys/synthesis/auxx/tcllib/lib/tcl8.5/reg/pkgIndex.tcl
/opt/synopsys/synthesis/auxx/tcllib/lib/tcl8.5/platform/pkgIndex.tcl
/opt/synopsys/synthesis/auxx/tcllib/lib/tcl8.5/tcltest/pkgIndex.tcl
/opt/synopsys/synthesis/auxx/gui/common/setup/snpsCommonSetup.tcl
/opt/synopsys/synthesis/auxx/gui/common/setup/snpsCustomize.tcl
/opt/synopsys/synthesis/auxx/gui/common/setup/snpsProcheck.tcl
/opt/synopsys/synthesis/auxx/gui/common/qtcl/.synopsys_qtcl.tcl
/opt/synopsys/synthesis/auxx/gui/common/highlight/highlight.tcl
/opt/synopsys/synthesis/auxx/gui/common/misc/base.tcl
/opt/synopsys/synthesis/auxx/gui/common/misc/timing.tcl
/opt/synopsys/synthesis/auxx/gui/common/misc/setting.tcl
/opt/synopsys/synthesis/auxx/gui/common/misc/preset.tcl
/opt/synopsys/synthesis/auxx/gui/common/WindowFrameWork/windowFrameWork.tcl
/opt/synopsys/synthesis/auxx/gui/common/WindowFrameWork/skipBusyCursorCmdList.tcl
/opt/synopsys/synthesis/auxx/gui/common/docBrowser/docBrowser.tcl
/opt/synopsys/synthesis/auxx/tcllib/snps_tcl/snpsUtils/snpsUtils.tcl
/opt/synopsys/synthesis/auxx/gui/common/dialogs/ObjectChooser.tcl
/opt/synopsys/synthesis/auxx/gui/common/misc/DialogObjectChooser.tcl
/opt/synopsys/synthesis/auxx/gui/common/dialogs/HistBinInformation.tcl
/opt/synopsys/synthesis/auxx/gui/common/dialogs/HistBin1Information.tcl
/opt/synopsys/synthesis/auxx/gui/common/dialogs/BinsOnlyInformation.tcl
/opt/synopsys/synthesis/auxx/gui/common/dialogs/FileChooser.tcl
/opt/synopsys/synthesis/auxx/gui/common/dialogs/PathPinSimpleInfo.tcl
/opt/synopsys/synthesis/auxx/gui/common/dialogs/PathsBasicInfo.tcl
/opt/synopsys/synthesis/auxx/gui/common/dialogs/PathsBasicSimpleInfo.tcl
/opt/synopsys/synthesis/auxx/gui/common/dialogs/SlctOperationInfo.tcl
/opt/synopsys/synthesis/auxx/gui/common/dialogs/ObjectListInfo.tcl
/opt/synopsys/synthesis/auxx/gui/common/dialogs/FanInOutInfo.tcl
/opt/synopsys/synthesis/auxx/gui/common/dialogs/NumberOfLevelsChooser.tcl
/opt/synopsys/synthesis/auxx/gui/common/dialogs/WindowReuseInfo.tcl
/opt/synopsys/synthesis/auxx/gui/common/dialogs/ReportOutputOptionInfo.tcl
/opt/synopsys/synthesis/auxx/gui/common/setup/snpsCollections.tcl
/opt/synopsys/synthesis/auxx/gui/common/dialogs/CompileLinkDesign.tcl
/opt/synopsys/synthesis/auxx/gui/common/histogram/DialogEndpointSlack.tcl
/opt/synopsys/synthesis/auxx/gui/common/histogram/DialogPathsSlack.tcl
/opt/synopsys/synthesis/auxx/gui/common/histogram/DialogNetCapacitance.tcl
/opt/synopsys/synthesis/auxx/gui/common/schematic/DialogPathSchematicFanInOut.tcl
/opt/synopsys/synthesis/auxx/gui/common/schematic/DialogPathSchematicAddPaths.tcl
/opt/synopsys/synthesis/auxx/tcllib/lib/tk8.5/tk.tcl
/opt/synopsys/synthesis/auxx/tcllib/lib/tcl8.5/msgcat/msgcat.tcl
/opt/synopsys/synthesis/auxx/tcllib/lib/tk8.5/button.tcl
/opt/synopsys/synthesis/auxx/tcllib/lib/tk8.5/entry.tcl
/opt/synopsys/synthesis/auxx/tcllib/lib/tk8.5/listbox.tcl
/opt/synopsys/synthesis/auxx/tcllib/lib/tk8.5/menu.tcl
/opt/synopsys/synthesis/auxx/tcllib/lib/tk8.5/panedwindow.tcl
/opt/synopsys/synthesis/auxx/tcllib/lib/tk8.5/scale.tcl
/opt/synopsys/synthesis/auxx/tcllib/lib/tk8.5/scrlbar.tcl
/opt/synopsys/synthesis/auxx/tcllib/lib/tk8.5/spinbox.tcl
/opt/synopsys/synthesis/auxx/tcllib/lib/tk8.5/text.tcl
/opt/synopsys/synthesis/auxx/tcllib/lib/tk8.5/ttk/ttk.tcl
/opt/synopsys/synthesis/auxx/tcllib/lib/tk8.5/ttk/fonts.tcl
/opt/synopsys/synthesis/auxx/tcllib/lib/tk8.5/ttk/cursors.tcl
/opt/synopsys/synthesis/auxx/tcllib/lib/tk8.5/ttk/utils.tcl
/opt/synopsys/synthesis/auxx/tcllib/lib/tk8.5/ttk/button.tcl
/opt/synopsys/synthesis/auxx/tcllib/lib/tk8.5/ttk/menubutton.tcl
/opt/synopsys/synthesis/auxx/tcllib/lib/tk8.5/ttk/scrollbar.tcl
/opt/synopsys/synthesis/auxx/tcllib/lib/tk8.5/ttk/scale.tcl
/opt/synopsys/synthesis/auxx/tcllib/lib/tk8.5/ttk/progress.tcl
/opt/synopsys/synthesis/auxx/tcllib/lib/tk8.5/ttk/notebook.tcl
/opt/synopsys/synthesis/auxx/tcllib/lib/tk8.5/ttk/panedwindow.tcl
/opt/synopsys/synthesis/auxx/tcllib/lib/tk8.5/ttk/entry.tcl
/opt/synopsys/synthesis/auxx/tcllib/lib/tk8.5/ttk/combobox.tcl
/opt/synopsys/synthesis/auxx/tcllib/lib/tk8.5/ttk/spinbox.tcl
/opt/synopsys/synthesis/auxx/tcllib/lib/tk8.5/ttk/treeview.tcl
/opt/synopsys/synthesis/auxx/tcllib/lib/tk8.5/ttk/sizegrip.tcl
/opt/synopsys/synthesis/auxx/tcllib/lib/tk8.5/ttk/defaults.tcl
/opt/synopsys/synthesis/auxx/tcllib/lib/tk8.5/ttk/classicTheme.tcl
/opt/synopsys/synthesis/auxx/tcllib/lib/tk8.5/ttk/altTheme.tcl
/opt/synopsys/synthesis/auxx/tcllib/lib/tk8.5/ttk/clamTheme.tcl
/opt/synopsys/synthesis/auxx/tcllib/lib/tix8.4.3/Init.tcl
/opt/synopsys/synthesis/auxx/tcllib/lib/tix8.4.3/fs.tcl
/opt/synopsys/synthesis/auxx/tcllib/lib/tix8.4.3/Tix.tcl
/opt/synopsys/synthesis/auxx/tcllib/lib/tix8.4.3/Event.tcl
/opt/synopsys/synthesis/auxx/tcllib/lib/tix8.4.3/Balloon.tcl
/opt/synopsys/synthesis/auxx/tcllib/lib/tix8.4.3/BtnBox.tcl
/opt/synopsys/synthesis/auxx/tcllib/lib/tix8.4.3/CObjView.tcl
/opt/synopsys/synthesis/auxx/tcllib/lib/tix8.4.3/ChkList.tcl
/opt/synopsys/synthesis/auxx/tcllib/lib/tix8.4.3/ComboBox.tcl
/opt/synopsys/synthesis/auxx/tcllib/lib/tk8.5/unsupported.tcl
/opt/synopsys/synthesis/auxx/tcllib/lib/tix8.4.3/Compat.tcl
/opt/synopsys/synthesis/auxx/tcllib/lib/tix8.4.3/Console.tcl
/opt/synopsys/synthesis/auxx/tcllib/lib/tix8.4.3/Control.tcl
/opt/synopsys/synthesis/auxx/tcllib/lib/tix8.4.3/DefSchm.tcl
/opt/synopsys/synthesis/auxx/tcllib/lib/tix8.4.3/DialogS.tcl
/opt/synopsys/synthesis/auxx/tcllib/lib/tix8.4.3/DirBox.tcl
/opt/synopsys/synthesis/auxx/tcllib/lib/tix8.4.3/DirDlg.tcl
/opt/synopsys/synthesis/auxx/tcllib/lib/tix8.4.3/DirList.tcl
/opt/synopsys/synthesis/auxx/tcllib/lib/tix8.4.3/DirTree.tcl
/opt/synopsys/synthesis/auxx/tcllib/lib/tix8.4.3/DragDrop.tcl
/opt/synopsys/synthesis/auxx/tcllib/lib/tix8.4.3/DtlList.tcl
/opt/synopsys/synthesis/auxx/tcllib/lib/tix8.4.3/EFileBox.tcl
/opt/synopsys/synthesis/auxx/tcllib/lib/tix8.4.3/EFileDlg.tcl
/opt/synopsys/synthesis/auxx/tcllib/lib/tix8.4.3/FileBox.tcl
/opt/synopsys/synthesis/auxx/tcllib/lib/tix8.4.3/FileCbx.tcl
/opt/synopsys/synthesis/auxx/tcllib/lib/tix8.4.3/FileDlg.tcl
/opt/synopsys/synthesis/auxx/tcllib/lib/tix8.4.3/FileEnt.tcl
/opt/synopsys/synthesis/auxx/tcllib/lib/tix8.4.3/FloatEnt.tcl
/opt/synopsys/synthesis/auxx/tcllib/lib/tix8.4.3/Grid.tcl
/opt/synopsys/synthesis/auxx/tcllib/lib/tix8.4.3/HList.tcl
/opt/synopsys/synthesis/auxx/tcllib/lib/tix8.4.3/HListDD.tcl
/opt/synopsys/synthesis/auxx/tcllib/lib/tix8.4.3/IconView.tcl
/opt/synopsys/synthesis/auxx/tcllib/lib/tix8.4.3/LabEntry.tcl
/opt/synopsys/synthesis/auxx/tcllib/lib/tix8.4.3/LabFrame.tcl
/opt/synopsys/synthesis/auxx/tcllib/lib/tix8.4.3/LabWidg.tcl
/opt/synopsys/synthesis/auxx/tcllib/lib/tix8.4.3/ListNBk.tcl
/opt/synopsys/synthesis/auxx/tcllib/lib/tix8.4.3/Meter.tcl
/opt/synopsys/synthesis/auxx/tcllib/lib/tix8.4.3/MultView.tcl
/opt/synopsys/synthesis/auxx/tcllib/lib/tix8.4.3/NoteBook.tcl
/opt/synopsys/synthesis/auxx/tcllib/lib/tix8.4.3/OldUtil.tcl
/opt/synopsys/synthesis/auxx/tcllib/lib/tix8.4.3/OptMenu.tcl
/opt/synopsys/synthesis/auxx/tcllib/lib/tix8.4.3/PanedWin.tcl
/opt/synopsys/synthesis/auxx/tcllib/lib/tix8.4.3/PopMenu.tcl
/opt/synopsys/synthesis/auxx/tcllib/lib/tix8.4.3/Primitiv.tcl
/opt/synopsys/synthesis/auxx/tcllib/lib/tix8.4.3/ResizeH.tcl
/opt/synopsys/synthesis/auxx/tcllib/lib/tix8.4.3/SGrid.tcl
/opt/synopsys/synthesis/auxx/tcllib/lib/tix8.4.3/SHList.tcl
/opt/synopsys/synthesis/auxx/tcllib/lib/tix8.4.3/SListBox.tcl
/opt/synopsys/synthesis/auxx/tcllib/lib/tix8.4.3/STList.tcl
/opt/synopsys/synthesis/auxx/tcllib/lib/tix8.4.3/SText.tcl
/opt/synopsys/synthesis/auxx/tcllib/lib/tix8.4.3/SWidget.tcl
/opt/synopsys/synthesis/auxx/tcllib/lib/tix8.4.3/SWindow.tcl
/opt/synopsys/synthesis/auxx/tcllib/lib/tix8.4.3/Select.tcl
/opt/synopsys/synthesis/auxx/tcllib/lib/tix8.4.3/Shell.tcl
/opt/synopsys/synthesis/auxx/tcllib/lib/tix8.4.3/SimpDlg.tcl
/opt/synopsys/synthesis/auxx/tcllib/lib/tix8.4.3/StackWin.tcl
/opt/synopsys/synthesis/auxx/tcllib/lib/tix8.4.3/StatBar.tcl
/opt/synopsys/synthesis/auxx/tcllib/lib/tix8.4.3/StdBBox.tcl
/opt/synopsys/synthesis/auxx/tcllib/lib/tix8.4.3/StdShell.tcl
/opt/synopsys/synthesis/auxx/tcllib/lib/tix8.4.3/TList.tcl
/opt/synopsys/synthesis/auxx/tcllib/lib/tix8.4.3/Tree.tcl
/opt/synopsys/synthesis/auxx/tcllib/lib/tix8.4.3/Utils.tcl
/opt/synopsys/synthesis/auxx/tcllib/lib/tix8.4.3/VResize.tcl
/opt/synopsys/synthesis/auxx/tcllib/lib/tix8.4.3/VStack.tcl
/opt/synopsys/synthesis/auxx/tcllib/lib/tix8.4.3/VTree.tcl
/opt/synopsys/synthesis/auxx/tcllib/lib/tix8.4.3/Variable.tcl
/opt/synopsys/synthesis/auxx/tcllib/lib/tix8.4.3/WInfo.tcl
/opt/synopsys/synthesis/auxx/gui/common/tq/snpsTkStyle.tcl
/opt/synopsys/synthesis/auxx/tcllib/lib/tk8.5/palette.tcl
/opt/synopsys/synthesis/auxx/tcllib/lib/itk3.4/itk.tcl
/opt/synopsys/synthesis/auxx/tcllib/lib/iwidgets4.0.2/lib/iwidgets/iwidgets.tcl
/opt/synopsys/synthesis/auxx/gui/common/histogram/base.tcl
/opt/synopsys/synthesis/auxx/gui/common/profiler/base.tcl
/opt/synopsys/synthesis/auxx/gui/common/schematic/base.tcl
/opt/synopsys/synthesis/auxx/gui/common/select/baseInternal.tcl
/opt/synopsys/synthesis/auxx/gui/common/schematic/enable.tcl
/opt/synopsys/synthesis/auxx/gui/common/schematic/netlist.tcl
/opt/synopsys/synthesis/auxx/gui/common/schematic/method.tcl
/opt/synopsys/synthesis/auxx/gui/common/misc/createViewType.tcl
/opt/synopsys/synthesis/auxx/gui/common/misc/GuiMenuEnable.tcl
/opt/synopsys/synthesis/auxx/gui/common/menus/base.tcl
/opt/synopsys/synthesis/auxx/gui/common/libviewer/base.tcl
/opt/synopsys/synthesis/auxx/gui/common/misc/viewmgr.tcl
/opt/synopsys/synthesis/auxx/gui/common/pathinspector/base.tcl
/opt/synopsys/synthesis/auxx/gui/common/pathinspector/create_window_and_menu.tcl
/opt/synopsys/synthesis/auxx/gui/dv/dv_path_cat_view.tcl
/opt/synopsys/synthesis/auxx/gui/common/table/table.tcl
/opt/synopsys/synthesis/auxx/gui/common/table/table_internal.tcl
/opt/synopsys/synthesis/auxx/gui/common/misc/infotip.tcl
/opt/synopsys/synthesis/auxx/gui/common/misc/viewporthistory.tcl
/home/yh19n22/mydocuments/design/chip/synthesis/synthesis.tcl
/home/yh19n22/mydocuments/design/chip/behavioural/code.vmem
/home/yh19n22/mydocuments/design/chip/behavioural/comp_core.sv
/home/yh19n22/mydocuments/design/chip/behavioural/CORTEXM0DS.sv
/home/yh19n22/mydocuments/design/chip/behavioural/ahb_interconnect.sv
/home/yh19n22/mydocuments/design/chip/behavioural/ahb_ram.sv
/home/yh19n22/mydocuments/design/chip/behavioural/ahb_rom.sv
/home/yh19n22/mydocuments/design/chip/behavioural/button_manager.sv
/home/yh19n22/mydocuments/design/chip/behavioural/oled_manager.sv
/home/yh19n22/mydocuments/design/chip/behavioural/sensor_manager.sv
/home/yh19n22/mydocuments/design/chip/behavioural/seven_segment.sv
/home/yh19n22/mydocuments/design/chip/behavioural/timer.sv
/home/yh19n22/mydocuments/design/chip/behavioural/cortexm0ds_logic.sv
/home/yh19n22/mydocuments/design/chip/behavioural/wrap_chip.sv
/opt/cad/designkits/ams/v410/synopsys/c35_3.3V/c35_CORELIB_WC.db
/opt/cad/designkits/ams/v410/synopsys/c35_3.3V/c35_IOLIB_WC.db
/opt/cad/designkits/ams/v410/synopsys/c35_3.3V/c35_IOLIBV5_WC.db
/opt/synopsys/synthesis/libraries/syn/gtech.db
/opt/synopsys/synthesis/libraries/syn/standard.sldb
/home/yh19n22/synopsys_cache_K-2015.06-SP5/DW01/DW01_MUX/str/c35_CORELIB_WC_6475_8167_9206/element.ddc
/home/yh19n22/synopsys_cache_K-2015.06-SP5/DW01/DW01_mmux/str/2/c35_CORELIB_WC_6475_8167_9206/element.ddc
/home/yh19n22/synopsys_cache_K-2015.06-SP5/DW01/DW01_mmux/str/3/c35_CORELIB_WC_6475_8167_9206/element.ddc
/home/yh19n22/synopsys_cache_K-2015.06-SP5/DW01/DW01_mmux/str/4/c35_CORELIB_WC_6475_8167_9206/element.ddc
/home/yh19n22/synopsys_cache_K-2015.06-SP5/DW01/DW01_mmux/str/5/c35_CORELIB_WC_6475_8167_9206/element.ddc
/home/yh19n22/synopsys_cache_K-2015.06-SP5/DW01/DW01_inc/rpl/2/c35_CORELIB_WC_6475_8167_9206/element.ddc
/home/yh19n22/synopsys_cache_K-2015.06-SP5/DW01/DW01_NOT/str/c35_CORELIB_WC_6475_8167_9206/element.ddc
/home/yh19n22/synopsys_cache_K-2015.06-SP5/DW01/DW01_add/rpl/2/c35_CORELIB_WC_6475_8167_9206/element.ddc
/home/yh19n22/synopsys_cache_K-2015.06-SP5/DW01/DW01_add/cla/2/c35_CORELIB_WC_6475_8167_9206/element.ddc
/home/yh19n22/synopsys_cache_K-2015.06-SP5/DW01/DW01_incdec/rpl/2/c35_CORELIB_WC_6475_8167_9206/element.ddc
/home/yh19n22/synopsys_cache_K-2015.06-SP5/DW01/DW01_inc/rpl/2/c35_CORELIB_WC_6475/element.ddc
/home/yh19n22/synopsys_cache_K-2015.06-SP5/DW01/DW01_inc/rpl/10/c35_CORELIB_WC_6475_8167_9206/element.ddc
/home/yh19n22/synopsys_cache_K-2015.06-SP5/DW01/DW01_inc/rpl/15/c35_CORELIB_WC_6475_8167_9206/element.ddc
/home/yh19n22/synopsys_cache_K-2015.06-SP5/DW01/DW_rash/mx2/16/4/c35_CORELIB_WC_6475_8167_9206/element.ddc
/home/yh19n22/synopsys_cache_K-2015.06-SP5/DW01/DW01_dec/rpl/4/c35_CORELIB_WC_6475_8167_9206/element.ddc
/home/yh19n22/synopsys_cache_K-2015.06-SP5/DW01/DW01_sub/rpl/4/c35_CORELIB_WC_6475_8167_9206/element.ddc
/home/yh19n22/synopsys_cache_K-2015.06-SP5/DW01/DW01_sub/cla/4/c35_CORELIB_WC_6475_8167_9206/element.ddc
/home/yh19n22/synopsys_cache_K-2015.06-SP5/DW01/DW01_incdec/rpl/4/c35_CORELIB_WC_6475_8167_9206/element.ddc
/home/yh19n22/synopsys_cache_K-2015.06-SP5/DW01/DW01_dec/rpl/4/c35_CORELIB_WC_6475/element.ddc
/home/yh19n22/synopsys_cache_K-2015.06-SP5/DW01/DW01_inc/rpl/16/c35_CORELIB_WC_6475_8167_9206/element.ddc
/home/yh19n22/synopsys_cache_K-2015.06-SP5/DW01/DW01_add/rpl/16/c35_CORELIB_WC_6475_8167_9206/element.ddc
/home/yh19n22/synopsys_cache_K-2015.06-SP5/DW01/DW01_add/cla/16/c35_CORELIB_WC_6475_8167_9206/element.ddc
/home/yh19n22/synopsys_cache_K-2015.06-SP5/DW01/DW01_incdec/rpl/16/c35_CORELIB_WC_6475_8167_9206/element.ddc
/home/yh19n22/synopsys_cache_K-2015.06-SP5/DW01/DW01_inc/rpl/6/c35_CORELIB_WC_6475_8167_9206/element.ddc
/home/yh19n22/synopsys_cache_K-2015.06-SP5/DW01/DW01_cmp2/rpl/16/c35_CORELIB_WC_6475_8167_9206/element.ddc
/home/yh19n22/synopsys_cache_K-2015.06-SP5/DW01/DW01_cmp6/rpl/16/c35_CORELIB_WC_6475_8167_9206/element.ddc
/home/yh19n22/synopsys_cache_K-2015.06-SP5/DW01/DW01_add/rpl/6/c35_CORELIB_WC_6475_8167_9206/element.ddc
/home/yh19n22/synopsys_cache_K-2015.06-SP5/DW01/DW01_add/cla/6/c35_CORELIB_WC_6475_8167_9206/element.ddc
/home/yh19n22/synopsys_cache_K-2015.06-SP5/DW01/DW01_incdec/rpl/6/c35_CORELIB_WC_6475_8167_9206/element.ddc
/home/yh19n22/synopsys_cache_K-2015.06-SP5/DW01/DW01_cmp2/rpl/32/c35_CORELIB_WC_6475_8167_9206/element.ddc
/home/yh19n22/synopsys_cache_K-2015.06-SP5/DW01/DW01_cmp6/rpl/32/c35_CORELIB_WC_6475_8167_9206/element.ddc
/home/yh19n22/synopsys_cache_K-2015.06-SP5/DW01/DW01_dec/rpl/24/c35_CORELIB_WC_6475_8167_9206/element.ddc
/home/yh19n22/synopsys_cache_K-2015.06-SP5/DW01/DW01_dec/rpl/9/c35_CORELIB_WC_6475_8167_9206/element.ddc
/home/yh19n22/synopsys_cache_K-2015.06-SP5/DW01/DW01_inc/rpl/31/c35_CORELIB_WC_6475_8167_9206/element.ddc
/home/yh19n22/synopsys_cache_K-2015.06-SP5/DW01/DW01_inc/rpl/30/c35_CORELIB_WC_6475_8167_9206/element.ddc
/home/yh19n22/synopsys_cache_K-2015.06-SP5/DW01/DW01_add/rpl/34/c35_CORELIB_WC_6475_8167_9206/element.ddc
/home/yh19n22/synopsys_cache_K-2015.06-SP5/DW01/DW01_add/cla/34/c35_CORELIB_WC_6475_8167_9206/element.ddc
/home/yh19n22/synopsys_cache_K-2015.06-SP5/DW01/DW01_sub/rpl/9/c35_CORELIB_WC_6475_8167_9206/element.ddc
/home/yh19n22/synopsys_cache_K-2015.06-SP5/DW01/DW01_sub/cla/9/c35_CORELIB_WC_6475_8167_9206/element.ddc
/home/yh19n22/synopsys_cache_K-2015.06-SP5/DW01/DW01_incdec/rpl/9/c35_CORELIB_WC_6475_8167_9206/element.ddc
/home/yh19n22/synopsys_cache_K-2015.06-SP5/DW01/DW01_sub/rpl/24/c35_CORELIB_WC_6475_8167_9206/element.ddc
/home/yh19n22/synopsys_cache_K-2015.06-SP5/DW01/DW01_sub/cla/24/c35_CORELIB_WC_6475_8167_9206/element.ddc
/home/yh19n22/synopsys_cache_K-2015.06-SP5/DW01/DW01_incdec/rpl/24/c35_CORELIB_WC_6475_8167_9206/element.ddc
/home/yh19n22/synopsys_cache_K-2015.06-SP5/DW01/DW01_add/rpl/30/c35_CORELIB_WC_6475_8167_9206/element.ddc
/home/yh19n22/synopsys_cache_K-2015.06-SP5/DW01/DW01_add/cla/30/c35_CORELIB_WC_6475_8167_9206/element.ddc
/home/yh19n22/synopsys_cache_K-2015.06-SP5/DW01/DW01_incdec/rpl/30/c35_CORELIB_WC_6475_8167_9206/element.ddc
/home/yh19n22/synopsys_cache_K-2015.06-SP5/DW01/DW01_add/rpl/31/c35_CORELIB_WC_6475_8167_9206/element.ddc
/home/yh19n22/synopsys_cache_K-2015.06-SP5/DW01/DW01_add/cla/31/c35_CORELIB_WC_6475_8167_9206/element.ddc
/home/yh19n22/synopsys_cache_K-2015.06-SP5/DW01/DW01_incdec/rpl/31/c35_CORELIB_WC_6475_8167_9206/element.ddc
/home/yh19n22/synopsys_cache_K-2015.06-SP5/DW01/DW01_inc/rpl/15/c35_CORELIB_WC_6475/element.ddc
/home/yh19n22/synopsys_cache_K-2015.06-SP5/DW01/DW01_inc/rpl/10/c35_CORELIB_WC_6475/element.ddc
/home/yh19n22/synopsys_cache_K-2015.06-SP5/DW01/DW_rash/mx2/16/4/c35_CORELIB_WC_6475/element.ddc
/home/yh19n22/synopsys_cache_K-2015.06-SP5/DW01/DW01_inc/rpl/16/c35_CORELIB_WC_6475/element.ddc
/home/yh19n22/synopsys_cache_K-2015.06-SP5/DW01/DW01_inc/rpl/6/c35_CORELIB_WC_6475/element.ddc
/home/yh19n22/synopsys_cache_K-2015.06-SP5/DW01/DW01_cmp2/rpl/16/c35_CORELIB_WC_6475/element.ddc
/home/yh19n22/synopsys_cache_K-2015.06-SP5/DW01/DW01_cmp2/rpl/32/c35_CORELIB_WC_6475/element.ddc
/home/yh19n22/synopsys_cache_K-2015.06-SP5/DW01/DW01_incdec/rpl/24/c35_CORELIB_WC_6475/element.ddc
/home/yh19n22/synopsys_cache_K-2015.06-SP5/DW01/DW01_add/rpl/34/c35_CORELIB_WC_6475/element.ddc
/home/yh19n22/synopsys_cache_K-2015.06-SP5/DW01/DW01_inc/rpl/31/c35_CORELIB_WC_6475/element.ddc
/home/yh19n22/synopsys_cache_K-2015.06-SP5/DW01/DW01_incdec/rpl/9/c35_CORELIB_WC_6475/element.ddc
/home/yh19n22/synopsys_cache_K-2015.06-SP5/DW01/DW01_inc/rpl/30/c35_CORELIB_WC_6475/element.ddc
/opt/cad/designkits/ams/v410/synopsys/c35_3.3V/c35_IOLIB_WC.db
/opt/cad/designkits/ams/v410/synopsys/c35_3.3V/c35_IOLIBV5_WC.db
/opt/cad/designkits/ams/v410/synopsys/c35_3.3V/c35_CORELIB_WC.db
/opt/cad/designkits/ams/v410/synopsys/c35_3.3V/c35_IOLIB_WC.db
/opt/cad/designkits/ams/v410/synopsys/c35_3.3V/c35_IOLIBV5_WC.db
/opt/cad/designkits/ams/v410/synopsys/c35_3.3V/c35_CORELIB_WC.db
/home/yh19n22/synopsys_cache_K-2015.06-SP5/DW01/DW01_add/rpl/34/c35_CORELIB_WC_6475_3452_9206/element.ddc
/home/yh19n22/synopsys_cache_K-2015.06-SP5/DW01/DW01_add/cla/34/c35_CORELIB_WC_6475_3452_9206/element.ddc
/opt/cad/designkits/ams/v410/synopsys/c35_3.3V/c35_IOLIB_WC.db
/opt/cad/designkits/ams/v410/synopsys/c35_3.3V/c35_IOLIBV5_WC.db
/opt/cad/designkits/ams/v410/synopsys/c35_3.3V/c35_CORELIB_WC.db
/opt/cad/designkits/ams/v410/synopsys/c35_3.3V/c35_IOLIB_WC.db
/opt/cad/designkits/ams/v410/synopsys/c35_3.3V/c35_IOLIBV5_WC.db
/opt/cad/designkits/ams/v410/synopsys/c35_3.3V/c35_CORELIB_WC.db
