 
****************************************
Report : area
Design : comp_core
Version: K-2015.06-SP5
Date   : Sun Mar 12 15:35:18 2023
****************************************

Library(s) Used:

    c35_CORELIB_WC (File: /opt/cad/designkits/ams/v410/synopsys/c35_3.3V/c35_CORELIB_WC.db)

Number of ports:                         2563
Number of nets:                         23703
Number of cells:                        19456
Number of combinational cells:          16208
Number of sequential cells:              3225
Number of macros/black boxes:               0
Number of buf/inv:                       2653
Number of references:                      11

Combinational area:            1181689.609894
Buf/Inv area:                   104195.003281
Noncombinational area:         1347455.209442
Macro/Black Box area:                0.000000
Net Interconnect area:          586571.624332

Total cell area:               2529144.819336
Total area:                    3115716.443668
1
